Unity Editor version:    2022.3.13f1 (5f90a5ebde0f)
Branch:                  2022.3/staging
Build type:              Release
Batch mode:              YES
macOS version:           Version 13.0 (Build 22A380)
Darwin version:          22.1.0
Architecture:            arm64
Running under Rosetta:   NO
Available memory:        8192 MB
Using pre-set license
Pro License: YES

COMMAND LINE ARGUMENTS:
/Applications/Unity/Hub/Editor/2022.3.13f1/Unity.app/Contents/MacOS/Unity
-adb2
-batchMode
-noUpm
-name
AssetImportWorker0
-projectPath
/Users/vickievalerie/My project
-logFile
Logs/AssetImportWorker0.log
-srvPort
59588
Successfully changed project path to: /Users/vickievalerie/My project
/Users/vickievalerie/My project
[UnityMemory] Configuration Parameters - Can be set up in boot.config
    "memorysetup-bucket-allocator-granularity=16"
    "memorysetup-bucket-allocator-bucket-count=8"
    "memorysetup-bucket-allocator-block-size=33554432"
    "memorysetup-bucket-allocator-block-count=8"
    "memorysetup-main-allocator-block-size=16777216"
    "memorysetup-thread-allocator-block-size=16777216"
    "memorysetup-gfx-main-allocator-block-size=16777216"
    "memorysetup-gfx-thread-allocator-block-size=16777216"
    "memorysetup-cache-allocator-block-size=4194304"
    "memorysetup-typetree-allocator-block-size=2097152"
    "memorysetup-profiler-bucket-allocator-granularity=16"
    "memorysetup-profiler-bucket-allocator-bucket-count=8"
    "memorysetup-profiler-bucket-allocator-block-size=33554432"
    "memorysetup-profiler-bucket-allocator-block-count=8"
    "memorysetup-profiler-allocator-block-size=16777216"
    "memorysetup-profiler-editor-allocator-block-size=1048576"
    "memorysetup-temp-allocator-size-main=16777216"
    "memorysetup-job-temp-allocator-block-size=2097152"
    "memorysetup-job-temp-allocator-block-size-background=1048576"
    "memorysetup-job-temp-allocator-reduction-small-platforms=262144"
    "memorysetup-allocator-temp-initial-block-size-main=262144"
    "memorysetup-allocator-temp-initial-block-size-worker=262144"
    "memorysetup-temp-allocator-size-background-worker=32768"
    "memorysetup-temp-allocator-size-job-worker=262144"
    "memorysetup-temp-allocator-size-preload-manager=33554432"
    "memorysetup-temp-allocator-size-nav-mesh-worker=65536"
    "memorysetup-temp-allocator-size-audio-worker=65536"
    "memorysetup-temp-allocator-size-cloud-worker=32768"
    "memorysetup-temp-allocator-size-gi-baking-worker=262144"
    "memorysetup-temp-allocator-size-gfx=262144"
Player connection [8546100480] Host "[IP] 192.168.1.91 [Port] 0 [Flags] 2 [Guid] 416217599 [EditorId] 416217599 [Version] 1048832 [Id] OSXEditor(0,MacBook-Air-Vika.local) [Debug] 1 [PackageName] OSXEditor [ProjectName] Editor" joined multi-casting on [225.0.0.222:54997]...

Player connection [8546100480] Host "[IP] 192.168.1.91 [Port] 0 [Flags] 2 [Guid] 416217599 [EditorId] 416217599 [Version] 1048832 [Id] OSXEditor(0,MacBook-Air-Vika.local) [Debug] 1 [PackageName] OSXEditor [ProjectName] Editor" joined alternative multi-casting on [225.0.0.222:34997]...

[Physics::Module] Initialized MultithreadedJobDispatcher with 7 workers.
Refreshing native plugins compatible for Editor in 16.75 ms, found 2 plugins.
Preloading 0 native plugins for Editor in 0.00 ms.
Initialize engine version: 2022.3.13f1 (5f90a5ebde0f)
[Subsystems] Discovering subsystems at path /Applications/Unity/Hub/Editor/2022.3.13f1/Unity.app/Contents/Resources/UnitySubsystems
[Subsystems] Discovering subsystems at path /Users/vickievalerie/My project/Assets
GfxDevice: creating device client; threaded=0; jobified=0
 preferred device: Apple M1 (high power)
Metal devices available: 1
0: Apple M1 (high power)
Using device Apple M1 (high power)
Initializing Metal device caps: Apple M1
Initialize mono
Mono path[0] = '/Applications/Unity/Hub/Editor/2022.3.13f1/Unity.app/Contents/Managed'
Mono path[1] = '/Applications/Unity/Hub/Editor/2022.3.13f1/Unity.app/Contents/MonoBleedingEdge/lib/mono/unityjit-macos'
Mono config path = '/Applications/Unity/Hub/Editor/2022.3.13f1/Unity.app/Contents/MonoBleedingEdge/etc'
Using monoOptions --debugger-agent=transport=dt_socket,embedding=1,server=y,suspend=n,address=127.0.0.1:56763
Begin MonoManager ReloadAssembly
Registering precompiled unity dll's ...
Register platform support module: /Applications/Unity/Hub/Editor/2022.3.13f1/PlaybackEngines/WebGLSupport/UnityEditor.WebGL.Extensions.dll
Register platform support module: /Applications/Unity/Hub/Editor/2022.3.13f1/Unity.app/Contents/PlaybackEngines/MacStandaloneSupport/UnityEditor.OSXStandalone.Extensions.dll
Registered in 0.010198 seconds.
- Loaded All Assemblies, in  0.401 seconds
Native extension for OSXStandalone target not found
Native extension for WebGL target not found
Mono: successfully reloaded assembly
- Finished resetting the current domain, in  0.243 seconds
Domain Reload Profiling: 644ms
	BeginReloadAssembly (131ms)
		ExecutionOrderSort (0ms)
		DisableScriptedObjects (0ms)
		BackupInstance (0ms)
		ReleaseScriptingObjects (0ms)
		CreateAndSetChildDomain (1ms)
	RebuildCommonClasses (40ms)
	RebuildNativeTypeToScriptingClass (12ms)
	initialDomainReloadingComplete (60ms)
	LoadAllAssembliesAndSetupDomain (158ms)
		LoadAssemblies (131ms)
		RebuildTransferFunctionScriptingTraits (0ms)
		AnalyzeDomain (155ms)
			TypeCache.Refresh (153ms)
				TypeCache.ScanAssembly (134ms)
			ScanForSourceGeneratedMonoScriptInfo (0ms)
			ResolveRequiredComponents (1ms)
	FinalizeReload (243ms)
		ReleaseScriptCaches (0ms)
		RebuildScriptCaches (0ms)
		SetupLoadedEditorAssemblies (183ms)
			LogAssemblyErrors (0ms)
			InitializePlatformSupportModulesInManaged (9ms)
			SetLoadedEditorAssemblies (6ms)
			RefreshPlugins (0ms)
			BeforeProcessingInitializeOnLoad (2ms)
			ProcessInitializeOnLoadAttributes (123ms)
			ProcessInitializeOnLoadMethodAttributes (43ms)
			AfterProcessingInitializeOnLoad (0ms)
			EditorAssembliesLoaded (0ms)
		ExecutionOrderSort2 (0ms)
		AwakeInstancesAfterBackupRestoration (0ms)
========================================================================
Worker process is ready to serve import requests
Begin MonoManager ReloadAssembly
- Loaded All Assemblies, in  0.720 seconds
Refreshing native plugins compatible for Editor in 1.91 ms, found 2 plugins.
Native extension for OSXStandalone target not found
Native extension for WebGL target not found
Package Manager log level set to [2]
[Package Manager] Server::EnsureServerProcessIsRunning -- launch failed, reason: Unity was launched with the -noUpm command-line argument
[Package Manager] UpmClient::Send -- Unable to send message (not connected to UPM process).
[Package Manager] Cannot connect to Unity Package Manager local server
Mono: successfully reloaded assembly
- Finished resetting the current domain, in  0.643 seconds
Domain Reload Profiling: 1363ms
	BeginReloadAssembly (127ms)
		ExecutionOrderSort (0ms)
		DisableScriptedObjects (5ms)
		BackupInstance (0ms)
		ReleaseScriptingObjects (0ms)
		CreateAndSetChildDomain (26ms)
	RebuildCommonClasses (36ms)
	RebuildNativeTypeToScriptingClass (13ms)
	initialDomainReloadingComplete (39ms)
	LoadAllAssembliesAndSetupDomain (505ms)
		LoadAssemblies (326ms)
		RebuildTransferFunctionScriptingTraits (0ms)
		AnalyzeDomain (233ms)
			TypeCache.Refresh (215ms)
				TypeCache.ScanAssembly (181ms)
			ScanForSourceGeneratedMonoScriptInfo (12ms)
			ResolveRequiredComponents (5ms)
	FinalizeReload (644ms)
		ReleaseScriptCaches (0ms)
		RebuildScriptCaches (0ms)
		SetupLoadedEditorAssemblies (466ms)
			LogAssemblyErrors (0ms)
			InitializePlatformSupportModulesInManaged (6ms)
			SetLoadedEditorAssemblies (5ms)
			RefreshPlugins (0ms)
			BeforeProcessingInitializeOnLoad (64ms)
			ProcessInitializeOnLoadAttributes (371ms)
			ProcessInitializeOnLoadMethodAttributes (19ms)
			AfterProcessingInitializeOnLoad (2ms)
			EditorAssembliesLoaded (0ms)
		ExecutionOrderSort2 (0ms)
		AwakeInstancesAfterBackupRestoration (4ms)
Launching external process: /Applications/Unity/Hub/Editor/2022.3.13f1/Unity.app/Contents/Tools/UnityShaderCompiler
Launched and connected shader compiler UnityShaderCompiler after 0.39 seconds
Refreshing native plugins compatible for Editor in 1.50 ms, found 2 plugins.
Preloading 0 native plugins for Editor in 0.00 ms.
Unloading 3082 Unused Serialized files (Serialized files now loaded: 0)
Unloading 32 unused Assets / (46.9 KB). Loaded Objects now: 3543.
Memory consumption went from 126.8 MB to 126.8 MB.
Total: 13.269000 ms (FindLiveObjects: 0.987625 ms CreateObjectMapping: 0.274375 ms MarkObjects: 11.258208 ms  DeleteObjects: 0.747916 ms)

AssetImportParameters requested are different than current active one (requested -> active):
  custom:container-demuxer-ogg: 62fdf1f143b41e24485cea50d1cbac27 -> 
  custom:video-decoder-ogg-theora: a1e56fd34408186e4bbccfd4996cb3dc -> 
  custom:CustomObjectIndexerAttribute: 756ad292c208cfabdd7b50bc23989ffe -> 
  custom:container-demuxer-webm: 4f35f7cbe854078d1ac9338744f61a02 -> 
  custom:container-muxer-webm: aa71ff27fc2769a1b78a27578f13a17b -> 
  custom:video-decoder-webm-vp8: 9c59270c3fd7afecdb556c50c9e8de78 -> 
  custom:SearchIndexIgnoredProperties: e643bd26f0fe6173181afceb89e7c659 -> 
  custom:AudioImporter_EditorPlatform: 3918e3fc78b5a79bad01e8451be0beb8 -> 
  custom:framework-osx-AVFoundation: e770b220cccbd017edd2c1fefb359320 -> 
  custom:video-encoder-webm-vp8: eb34c28f22e8b96e1ab97ce403110664 -> 
  custom:audio-decoder-ogg-vorbis: bf7c407c2cedff20999df2af8eb42d56 -> 
  custom:audio-encoder-webm-vorbis: bf7c407c2cedff20999df2af8eb42d56 -> 
========================================================================
Received Import Request.
  Time since last request: 3470369.734634 seconds.
  path: Assets/Scenes
  artifactKey: Guid(43180c89256fe404699f005fbcbda72c) Importer(815301076,1909f56bfc062723c751e8b465ee728b)
Start importing Assets/Scenes using Guid(43180c89256fe404699f005fbcbda72c) Importer(815301076,1909f56bfc062723c751e8b465ee728b)  -> (artifact id: '6ce9599ef2a3a3a8c457b813d65be92f') in 0.005259 seconds
Number of updated asset objects reloaded before import = 0
Number of asset objects unloaded after import = 0
========================================================================
Received Import Request.
  Time since last request: 2842.893652 seconds.
  path: Assets/Scenes/SampleScene.unity
  artifactKey: Guid(9fc0d4010bbf28b4594072e72b8655ab) Importer(815301076,1909f56bfc062723c751e8b465ee728b)
Start importing Assets/Scenes/SampleScene.unity using Guid(9fc0d4010bbf28b4594072e72b8655ab) Importer(815301076,1909f56bfc062723c751e8b465ee728b)  -> (artifact id: 'a85bec50c8be757587fedfaade313866') in 0.023766 seconds
Number of updated asset objects reloaded before import = 0
Number of asset objects unloaded after import = 0
========================================================================
Received Import Request.
  Time since last request: 16.832352 seconds.
  path: Assets/Scenes/New Folder
  artifactKey: Guid(46d4a4ba74d3344a3a832b6d9acfd619) Importer(815301076,1909f56bfc062723c751e8b465ee728b)
Start importing Assets/Scenes/New Folder using Guid(46d4a4ba74d3344a3a832b6d9acfd619) Importer(815301076,1909f56bfc062723c751e8b465ee728b)  -> (artifact id: 'baf9cc4bc85b2a10b6f94cc6120e49ce') in 0.004388 seconds
Number of updated asset objects reloaded before import = 0
Number of asset objects unloaded after import = 0
========================================================================
Received Import Request.
  Time since last request: 20.655575 seconds.
  path: Assets/Scenes/models
  artifactKey: Guid(46d4a4ba74d3344a3a832b6d9acfd619) Importer(815301076,1909f56bfc062723c751e8b465ee728b)
Start importing Assets/Scenes/models using Guid(46d4a4ba74d3344a3a832b6d9acfd619) Importer(815301076,1909f56bfc062723c751e8b465ee728b)  -> (artifact id: '6faf6594299ef5716554b8a65e918d5f') in 0.022328 seconds
Number of updated asset objects reloaded before import = 0
Number of asset objects unloaded after import = 0
========================================================================
Received Import Request.
  Time since last request: 169.889718 seconds.
  path: Assets/RPG Monster DUO PBR Polyart/Materials
  artifactKey: Guid(db3c4cad7eb443638fdac9a47092657c) Importer(815301076,1909f56bfc062723c751e8b465ee728b)
Start importing Assets/RPG Monster DUO PBR Polyart/Materials using Guid(db3c4cad7eb443638fdac9a47092657c) Importer(815301076,1909f56bfc062723c751e8b465ee728b)  -> (artifact id: 'fb8168613aadb8bafdde00905389c26a') in 0.030864 seconds
Number of updated asset objects reloaded before import = 0
Number of asset objects unloaded after import = 0
========================================================================
Received Import Request.
  Time since last request: 0.005783 seconds.
  path: Assets/RPG Monster DUO PBR Polyart/Materials/PBRDefault.mat
  artifactKey: Guid(d9c0226bd4324f01bc178cf4a515ef84) Importer(815301076,1909f56bfc062723c751e8b465ee728b)
Start importing Assets/RPG Monster DUO PBR Polyart/Materials/PBRDefault.mat using Guid(d9c0226bd4324f01bc178cf4a515ef84) Importer(815301076,1909f56bfc062723c751e8b465ee728b)  -> (artifact id: '2ef7be5b5bcb1a4db452b08bd9ee69b2') in 2.225204 seconds
Number of updated asset objects reloaded before import = 0
Number of asset objects unloaded after import = 4
========================================================================
Received Import Request.
  Time since last request: 0.000420 seconds.
  path: Assets/RPG Monster DUO PBR Polyart/Materials/Stage.mat
  artifactKey: Guid(abaea1a47e73483590f52e512a9adda3) Importer(815301076,1909f56bfc062723c751e8b465ee728b)
Start importing Assets/RPG Monster DUO PBR Polyart/Materials/Stage.mat using Guid(abaea1a47e73483590f52e512a9adda3) Importer(815301076,1909f56bfc062723c751e8b465ee728b)  -> (artifact id: '1a876a06cd5f9162b2c8b24d5033a8a8') in 0.544890 seconds
Number of updated asset objects reloaded before import = 0
Number of asset objects unloaded after import = 1
========================================================================
Received Import Request.
  Time since last request: 31.382044 seconds.
  path: Assets/RPG Monster DUO PBR Polyart/Scenes
  artifactKey: Guid(6eacc1a2abc74b6abac7296097297a7c) Importer(815301076,1909f56bfc062723c751e8b465ee728b)
Start importing Assets/RPG Monster DUO PBR Polyart/Scenes using Guid(6eacc1a2abc74b6abac7296097297a7c) Importer(815301076,1909f56bfc062723c751e8b465ee728b)  -> (artifact id: '35359b1fe4387a73c57497d25216370b') in 0.002093 seconds
Number of updated asset objects reloaded before import = 0
Number of asset objects unloaded after import = 0
========================================================================
Received Import Request.
  Time since last request: 1.073164 seconds.
  path: Assets/RPG Monster DUO PBR Polyart/Textures
  artifactKey: Guid(c98ac4fafe524dd381a728f75ffe65c0) Importer(815301076,1909f56bfc062723c751e8b465ee728b)
Start importing Assets/RPG Monster DUO PBR Polyart/Textures using Guid(c98ac4fafe524dd381a728f75ffe65c0) Importer(815301076,1909f56bfc062723c751e8b465ee728b)  -> (artifact id: 'e199413443a2cb305dd3b90b5d198dff') in 0.000502 seconds
Number of updated asset objects reloaded before import = 0
Number of asset objects unloaded after import = 0
========================================================================
Received Import Request.
  Time since last request: 0.529501 seconds.
  path: Assets/RPG Monster DUO PBR Polyart/Textures/Albedo.png
  artifactKey: Guid(a291ce082c5d42babcf8db35db1a5efe) Importer(815301076,1909f56bfc062723c751e8b465ee728b)
Start importing Assets/RPG Monster DUO PBR Polyart/Textures/Albedo.png using Guid(a291ce082c5d42babcf8db35db1a5efe) Importer(815301076,1909f56bfc062723c751e8b465ee728b)  -> (artifact id: '135b1cd98f1acccb5034b9b7c1d87e64') in 0.077933 seconds
Number of updated asset objects reloaded before import = 0
Number of asset objects unloaded after import = 2
========================================================================
Received Import Request.
  Time since last request: 0.000145 seconds.
  path: Assets/RPG Monster DUO PBR Polyart/Textures/Metallic-Smoothness.png
  artifactKey: Guid(24282800d76b4861b333f50cbcbd93d9) Importer(815301076,1909f56bfc062723c751e8b465ee728b)
Start importing Assets/RPG Monster DUO PBR Polyart/Textures/Metallic-Smoothness.png using Guid(24282800d76b4861b333f50cbcbd93d9) Importer(815301076,1909f56bfc062723c751e8b465ee728b)  -> (artifact id: '4dcaf98617b65008d987ade27f8aa034') in 0.007172 seconds
Number of updated asset objects reloaded before import = 0
Number of asset objects unloaded after import = 2
========================================================================
Received Import Request.
  Time since last request: 12.976149 seconds.
  path: Assets/RPG Monster DUO PBR Polyart/Meshes/SlimeMesh.fbx
  artifactKey: Guid(6520c6d7889f4c72b416f07f34edd515) Importer(815301076,1909f56bfc062723c751e8b465ee728b)
Start importing Assets/RPG Monster DUO PBR Polyart/Meshes/SlimeMesh.fbx using Guid(6520c6d7889f4c72b416f07f34edd515) Importer(815301076,1909f56bfc062723c751e8b465ee728b)  -> (artifact id: '2f0fae2ee9ea5fdae16aa9f9ce2b847c') in 1.038076 seconds
Number of updated asset objects reloaded before import = 0
Number of asset objects unloaded after import = 30
========================================================================
Received Import Request.
  Time since last request: 91.534114 seconds.
  path: Assets/MyFirstGameProject.unity
  artifactKey: Guid(e881df220ca8c4611a700f0633214608) Importer(815301076,1909f56bfc062723c751e8b465ee728b)
Start importing Assets/MyFirstGameProject.unity using Guid(e881df220ca8c4611a700f0633214608) Importer(815301076,1909f56bfc062723c751e8b465ee728b)  -> (artifact id: '0915fef4003b6de280bf972e30800a0c') in 0.004042 seconds
Number of updated asset objects reloaded before import = 0
Number of asset objects unloaded after import = 0
========================================================================
Received Import Request.
  Time since last request: 8.920862 seconds.
  path: Assets/RPG Monster DUO PBR Polyart
  artifactKey: Guid(ec155f35036d4eb4a4d6e96b1c379934) Importer(815301076,1909f56bfc062723c751e8b465ee728b)
Start importing Assets/RPG Monster DUO PBR Polyart using Guid(ec155f35036d4eb4a4d6e96b1c379934) Importer(815301076,1909f56bfc062723c751e8b465ee728b)  -> (artifact id: '67754c2e554b2ded56feac603400e6b1') in 0.000940 seconds
Number of updated asset objects reloaded before import = 0
Number of asset objects unloaded after import = 0
========================================================================
Received Import Request.
  Time since last request: 2.430636 seconds.
  path: Assets/Scenes/SampleScene.unity
  artifactKey: Guid(9fc0d4010bbf28b4594072e72b8655ab) Importer(815301076,1909f56bfc062723c751e8b465ee728b)
Start importing Assets/Scenes/SampleScene.unity using Guid(9fc0d4010bbf28b4594072e72b8655ab) Importer(815301076,1909f56bfc062723c751e8b465ee728b)  -> (artifact id: 'b920dd17d29e5713a55c7dc29254efdc') in 0.001440 seconds
Number of updated asset objects reloaded before import = 0
Number of asset objects unloaded after import = 0
========================================================================
Received Import Request.
  Time since last request: 46.254294 seconds.
  path: Assets/Scenes/M3Scene.unity
  artifactKey: Guid(9fc0d4010bbf28b4594072e72b8655ab) Importer(815301076,1909f56bfc062723c751e8b465ee728b)
Start importing Assets/Scenes/M3Scene.unity using Guid(9fc0d4010bbf28b4594072e72b8655ab) Importer(815301076,1909f56bfc062723c751e8b465ee728b)  -> (artifact id: '1327eb8aa9118b1b11de7f09710f98d0') in 0.003008 seconds
Number of updated asset objects reloaded before import = 0
Number of asset objects unloaded after import = 0
========================================================================
Received Import Request.
  Time since last request: 600.169140 seconds.
  path: Assets/Scenes/models/TurtleShellMesh.fbx
  artifactKey: Guid(41fc1194110914cc09773b05cd2a1bd7) Importer(815301076,1909f56bfc062723c751e8b465ee728b)
Start importing Assets/Scenes/models/TurtleShellMesh.fbx using Guid(41fc1194110914cc09773b05cd2a1bd7) Importer(815301076,1909f56bfc062723c751e8b465ee728b)  -> (artifact id: 'cb354d2266a8c0e8d5daf5d332fe6bb7') in 0.133701 seconds
Number of updated asset objects reloaded before import = 0
Number of asset objects unloaded after import = 70
========================================================================
Received Import Request.
  Time since last request: 66.052501 seconds.
  path: Assets/Scenes/models/SlimeMesh.fbx
  artifactKey: Guid(de6cbfae1584a4c3882d608a5a324706) Importer(815301076,1909f56bfc062723c751e8b465ee728b)
Start importing Assets/Scenes/models/SlimeMesh.fbx using Guid(de6cbfae1584a4c3882d608a5a324706) Importer(815301076,1909f56bfc062723c751e8b465ee728b)  -> (artifact id: '6a0fc32d05e7654def00315933f95869') in 0.060958 seconds
Number of updated asset objects reloaded before import = 0
Number of asset objects unloaded after import = 30
========================================================================
Received Import Request.
  Time since last request: 146.238965 seconds.
  path: Assets/RPG Monster DUO PBR Polyart/Animators/Slime.controller
  artifactKey: Guid(9bbcf96c9a254c5ba654027c656d7b39) Importer(815301076,1909f56bfc062723c751e8b465ee728b)
Start importing Assets/RPG Monster DUO PBR Polyart/Animators/Slime.controller using Guid(9bbcf96c9a254c5ba654027c656d7b39) Importer(815301076,1909f56bfc062723c751e8b465ee728b)  -> (artifact id: '1b0779863a93d91daf11f09dafb47db3') in 0.090372 seconds
Number of updated asset objects reloaded before import = 0
Number of asset objects unloaded after import = 51
========================================================================
Received Import Request.
  Time since last request: 12.218841 seconds.
  path: Assets/Scenes/M3Scene.unity
  artifactKey: Guid(9fc0d4010bbf28b4594072e72b8655ab) Importer(815301076,1909f56bfc062723c751e8b465ee728b)
Start importing Assets/Scenes/M3Scene.unity using Guid(9fc0d4010bbf28b4594072e72b8655ab) Importer(815301076,1909f56bfc062723c751e8b465ee728b)  -> (artifact id: 'c5dfe8bb1ce6a572f077e6d0174d5ab9') in 0.001852 seconds
Number of updated asset objects reloaded before import = 0
Number of asset objects unloaded after import = 0
========================================================================
Received Import Request.
  Time since last request: 1527.696579 seconds.
  path: Assets/Scenes/scenes
  artifactKey: Guid(81166bb7edc6a4af39679cd863e5dda3) Importer(815301076,1909f56bfc062723c751e8b465ee728b)
Start importing Assets/Scenes/scenes using Guid(81166bb7edc6a4af39679cd863e5dda3) Importer(815301076,1909f56bfc062723c751e8b465ee728b)  -> (artifact id: 'd18161a08c27c24958154d497def5bcb') in 0.008216 seconds
Number of updated asset objects reloaded before import = 0
Number of asset objects unloaded after import = 0
========================================================================
Received Import Request.
  Time since last request: 87.272452 seconds.
  path: Assets/Scenes/textures
  artifactKey: Guid(9f75a21f8cdfc458080cd28bb4078e0c) Importer(815301076,1909f56bfc062723c751e8b465ee728b)
Start importing Assets/Scenes/textures using Guid(9f75a21f8cdfc458080cd28bb4078e0c) Importer(815301076,1909f56bfc062723c751e8b465ee728b)  -> (artifact id: '36e4ea8df93f8da89190bc8374589c71') in 0.004503 seconds
Number of updated asset objects reloaded before import = 0
Number of asset objects unloaded after import = 0
========================================================================
Received Import Request.
  Time since last request: 1.729134 seconds.
  path: Assets/Scenes/textures/PBRDefault.mat
  artifactKey: Guid(8398e4ad069724ff3a795420476b43c3) Importer(815301076,1909f56bfc062723c751e8b465ee728b)
Start importing Assets/Scenes/textures/PBRDefault.mat using Guid(8398e4ad069724ff3a795420476b43c3) Importer(815301076,1909f56bfc062723c751e8b465ee728b)  -> (artifact id: 'b06fdb6246c1f906ba1d45e804171577') in 0.157663 seconds
Number of updated asset objects reloaded before import = 0
Number of asset objects unloaded after import = 4
========================================================================
Received Import Request.
  Time since last request: 52.976391 seconds.
  path: Assets/Assets
  artifactKey: Guid(43180c89256fe404699f005fbcbda72c) Importer(815301076,1909f56bfc062723c751e8b465ee728b)
Start importing Assets/Assets using Guid(43180c89256fe404699f005fbcbda72c) Importer(815301076,1909f56bfc062723c751e8b465ee728b)  -> (artifact id: '9554bcec647803336c149188a24866e0') in 0.003680 seconds
Number of updated asset objects reloaded before import = 0
Number of asset objects unloaded after import = 0
========================================================================
Received Import Request.
  Time since last request: 55130.781006 seconds.
  path: Assets/Assets/scenes/M3Scene.unity
  artifactKey: Guid(9fc0d4010bbf28b4594072e72b8655ab) Importer(815301076,1909f56bfc062723c751e8b465ee728b)
Start importing Assets/Assets/scenes/M3Scene.unity using Guid(9fc0d4010bbf28b4594072e72b8655ab) Importer(815301076,1909f56bfc062723c751e8b465ee728b)  -> (artifact id: '2c216f7084d92796809ec98d74fa88ca') in 0.017590 seconds
Number of updated asset objects reloaded before import = 0
Number of asset objects unloaded after import = 0
